<?xml version="1.0" encoding="UTF-8"?>
<!-- Generated by org.testng.reporters.JUnitReportReporter -->
<testsuite hostname="RAJTHILAK" failures="0" tests="1" name="TEST.logintest" time="17.416" errors="0" timestamp="29 Oct 2020 15:48:13 GMT" skipped="0">
  <testcase classname="TEST.logintest" name="login" time="17.416"/>
</testsuite> <!-- TEST.logintest -->
